2019-06-07 23:16:14 - [GIN-debug] [WARNING] Creating an Engine instance with the Logger and Recovery middleware already attached.

2019-06-07 23:16:14 - [GIN-debug] [WARNING] Running in "debug" mode. Switch to "release" mode in production.
 - using env:	export GIN_MODE=release
 - using code:	gin.SetMode(gin.ReleaseMode)

2019-06-07 23:16:14 - [GIN-debug] GET    /test/aaa                 --> main.init.0.func1.1 (3 handlers)
2019-06-07 23:16:14 - [GIN-debug] Listening and serving HTTP on :40018
2019-06-08 12:38:36 - [GIN-debug] [WARNING] Creating an Engine instance with the Logger and Recovery middleware already attached.

2019-06-08 12:38:36 - [GIN-debug] [WARNING] Running in "debug" mode. Switch to "release" mode in production.
 - using env:	export GIN_MODE=release
 - using code:	gin.SetMode(gin.ReleaseMode)

2019-06-08 12:38:36 - [GIN-debug] GET    /test/aaa                 --> main.init.0.func1.1 (3 handlers)
2019-06-08 12:38:36 - [GIN-debug] Listening and serving HTTP on :40018
2019-06-09 16:24:10 - [GIN-debug] Listening and serving HTTP on :40018
2019-06-10 22:10:34 - [GIN-debug] POST   /register/account         --> github.com/zhanghup/go-framework/pkg/gin.(*RouterGroup).Action.func1 (3 handlers)
2019-06-10 22:10:34 - [GIN-debug] Listening and serving HTTP on :40018
2019-06-10 22:10:56 - [GIN-debug] [WARNING] Headers were already written. Wanted to override status code 400 with 200
2019-06-10 22:10:56 - [GIN] 2019/06/10 - 22:10:56 | 200 |      1.0017ms |       127.0.0.1 | POST     /register/account
2019-06-10 22:12:31 - [GIN-debug] POST   /register/account         --> github.com/zhanghup/go-framework/pkg/gin.(*RouterGroup).Action.func1 (3 handlers)
2019-06-10 22:12:31 - [GIN-debug] Listening and serving HTTP on :40018
2019-06-10 22:12:58 - [GIN] 2019/06/10 - 22:12:58 | 200 |            0s |       127.0.0.1 | POST     /register/account
2019-06-10 22:14:47 - [GIN-debug] POST   /register/account         --> github.com/zhanghup/go-framework/pkg/gin.(*RouterGroup).Action.func1 (3 handlers)
2019-06-10 22:14:47 - [GIN-debug] Listening and serving HTTP on :40018
2019-06-10 22:14:54 - [GIN] 2019/06/10 - 22:14:54 | 200 |            0s |       127.0.0.1 | POST     /register/account
2019-06-10 22:16:08 - [GIN-debug] POST   /register/account         --> github.com/zhanghup/go-framework/pkg/gin.(*RouterGroup).Action.func1 (3 handlers)
2019-06-10 22:16:08 - [GIN-debug] Listening and serving HTTP on :40018
2019-06-10 22:19:27 - [GIN-debug] POST   /register/account         --> github.com/zhanghup/go-framework/pkg/gin.(*RouterGroup).Action.func1 (3 handlers)
2019-06-10 22:19:27 - [GIN-debug] Listening and serving HTTP on :40018
2019-06-10 22:19:31 - [GIN] 2019/06/10 - 22:19:31 | 200 |      2.0077ms |       127.0.0.1 | POST     /register/account
2019-06-10 22:33:59 - [GIN-debug] POST   /register/account         --> github.com/zhanghup/go-framework/pkg/gin.(*RouterGroup).Action.func1 (3 handlers)
2019-06-10 22:33:59 - [GIN-debug] Listening and serving HTTP on :40018
2019-06-10 22:34:09 - [GIN] 2019/06/10 - 22:34:09 | 200 |       998.4µs |       127.0.0.1 | POST     /register/account
2019-06-10 22:34:47 - [GIN-debug] POST   /register/account         --> github.com/zhanghup/go-framework/pkg/gin.(*RouterGroup).Action.func1 (3 handlers)
2019-06-10 22:34:47 - [GIN-debug] Listening and serving HTTP on :40018
2019-06-10 22:34:52 - [GIN] 2019/06/10 - 22:34:52 | 200 |      1.0035ms |       127.0.0.1 | POST     /register/account
2019-06-10 22:57:25 - [GIN-debug] POST   /register/account         --> github.com/zhanghup/go-framework/pkg/gin.(*RouterGroup).Action.func1 (3 handlers)
2019-06-10 22:57:25 - [GIN-debug] Listening and serving HTTP on :40018
2019-06-10 22:57:32 - [GIN] 2019/06/10 - 22:57:32 | 200 |       999.1µs |       127.0.0.1 | POST     /register/account
2019-06-10 22:58:06 - [GIN-debug] POST   /register/account         --> github.com/zhanghup/go-framework/pkg/gin.(*RouterGroup).Action.func1 (3 handlers)
2019-06-10 22:58:06 - [GIN-debug] Listening and serving HTTP on :40018
2019-06-10 22:59:35 - [GIN] 2019/06/10 - 22:59:35 | 200 |   51.1483166s |       127.0.0.1 | POST     /register/account
2019-06-10 23:00:22 - [GIN] 2019/06/10 - 23:00:22 | 200 |   35.4823989s |       127.0.0.1 | POST     /register/account
2019-06-10 23:00:33 - [GIN] 2019/06/10 - 23:00:33 | 200 |       998.2µs |       127.0.0.1 | POST     /register/account
2019-06-10 23:00:45 - [GIN-debug] POST   /register/account         --> github.com/zhanghup/go-framework/pkg/gin.(*RouterGroup).Action.func1 (3 handlers)
2019-06-10 23:00:45 - [GIN-debug] Listening and serving HTTP on :40018
2019-06-10 23:00:55 - [GIN] 2019/06/10 - 23:00:55 | 200 |    4.0414719s |       127.0.0.1 | POST     /register/account
2019-06-10 23:02:05 - [GIN-debug] POST   /register/account         --> github.com/zhanghup/go-framework/pkg/gin.(*RouterGroup).Action.func1 (3 handlers)
2019-06-10 23:02:05 - [GIN-debug] Listening and serving HTTP on :40018
2019-06-10 23:02:28 - [GIN] 2019/06/10 - 23:02:28 | 200 |       999.7µs |       127.0.0.1 | POST     /register/account
2019-06-10 23:03:24 - [GIN-debug] POST   /register/account         --> github.com/zhanghup/go-framework/pkg/gin.(*RouterGroup).Action.func1 (3 handlers)
2019-06-10 23:03:24 - [GIN-debug] Listening and serving HTTP on :40018
2019-06-10 23:03:29 - [GIN] 2019/06/10 - 23:03:29 | 200 |      1.9347ms |       127.0.0.1 | POST     /register/account
2019-06-10 23:04:46 - [GIN] 2019/06/10 - 23:04:46 | 200 |       999.2µs |       127.0.0.1 | POST     /register/account
2019-06-10 23:06:54 - [GIN] 2019/06/10 - 23:06:54 | 200 |         1m23s |       127.0.0.1 | POST     /register/account
2019-06-10 23:07:15 - [GIN-debug] POST   /register/account         --> github.com/zhanghup/go-framework/pkg/gin.(*RouterGroup).Action.func1 (3 handlers)
2019-06-10 23:07:15 - [GIN-debug] Listening and serving HTTP on :40018
2019-06-10 23:07:23 - [GIN] 2019/06/10 - 23:07:23 | 200 |      1.0028ms |       127.0.0.1 | POST     /register/account
2019-06-10 23:09:32 - [GIN-debug] POST   /register/account         --> github.com/zhanghup/go-framework/pkg/gin.(*RouterGroup).Action.func1 (3 handlers)
2019-06-10 23:09:32 - [GIN-debug] Listening and serving HTTP on :40018
2019-06-10 23:09:45 - [GIN] 2019/06/10 - 23:09:45 | 200 |      2.0004ms |       127.0.0.1 | POST     /register/account
2019-06-10 23:11:51 - [GIN-debug] POST   /register/account         --> github.com/zhanghup/go-framework/pkg/gin.(*RouterGroup).Action.func1 (3 handlers)
2019-06-10 23:11:51 - [GIN-debug] Listening and serving HTTP on :40018
2019-06-10 23:12:33 - [GIN] 2019/06/10 - 23:12:33 | 200 |       999.8µs |       127.0.0.1 | POST     /register/account
2019-06-10 23:13:01 - [GIN-debug] POST   /register/account         --> github.com/zhanghup/go-framework/pkg/gin.(*RouterGroup).Action.func1 (3 handlers)
2019-06-10 23:13:01 - [GIN-debug] Listening and serving HTTP on :40018
2019-06-10 23:14:11 - [GIN] 2019/06/10 - 23:14:11 | 200 |          1m6s |       127.0.0.1 | POST     /register/account
2019-06-11 22:25:44 - [GIN-debug] POST   /register/account         --> github.com/zhanghup/go-framework/pkg/gin.(*RouterGroup).Action.func1 (3 handlers)
2019-06-11 22:25:44 - [GIN-debug] Listening and serving HTTP on :40018
2019-06-11 22:26:41 - [GIN] 2019/06/11 - 22:26:41 | 200 |       993.7µs |       127.0.0.1 | POST     /register/account
2019-06-11 22:27:16 - [GIN-debug] POST   /register/account         --> github.com/zhanghup/go-framework/pkg/gin.(*RouterGroup).Action.func1 (3 handlers)
2019-06-11 22:27:16 - [GIN-debug] Listening and serving HTTP on :40018
2019-06-11 22:27:36 - [GIN] 2019/06/11 - 22:27:36 | 200 |     6.230903s |       127.0.0.1 | POST     /register/account
2019-06-11 22:30:05 - [GIN] 2019/06/11 - 22:30:05 | 200 |   11.0476495s |       127.0.0.1 | POST     /register/account
2019-06-11 22:30:26 - [GIN-debug] POST   /register/account         --> github.com/zhanghup/go-framework/pkg/gin.(*RouterGroup).Action.func1 (3 handlers)
2019-06-11 22:30:26 - [GIN-debug] Listening and serving HTTP on :40018
2019-06-11 22:30:30 - [GIN] 2019/06/11 - 22:30:30 | 200 |      2.0014ms |       127.0.0.1 | POST     /register/account
2019-06-11 22:39:35 - [GIN-debug] POST   /register/account         --> github.com/zhanghup/go-framework/pkg/gin.(*RouterGroup).Action.func1 (3 handlers)
2019-06-11 22:39:35 - [GIN-debug] Listening and serving HTTP on :40018
2019-06-11 22:39:39 - [GIN] 2019/06/11 - 22:39:39 | 200 |      1.9993ms |       127.0.0.1 | POST     /register/account
2019-06-11 22:40:13 - [GIN-debug] POST   /register/account         --> github.com/zhanghup/go-framework/pkg/gin.(*RouterGroup).Action.func1 (3 handlers)
2019-06-11 22:40:13 - [GIN-debug] Listening and serving HTTP on :40018
2019-06-11 22:40:21 - [GIN] 2019/06/11 - 22:40:21 | 200 |      2.0016ms |       127.0.0.1 | POST     /register/account
2019-06-11 22:44:24 - [GIN-debug] POST   /register/account         --> github.com/zhanghup/go-framework/pkg/gin.(*RouterGroup).Action.func1 (3 handlers)
2019-06-11 22:44:24 - [GIN-debug] Listening and serving HTTP on :40018
2019-06-11 22:44:28 - [GIN] 2019/06/11 - 22:44:28 | 200 |      2.0005ms |       127.0.0.1 | POST     /register/account
2019-06-11 22:46:38 - [GIN-debug] POST   /register/account         --> github.com/zhanghup/go-framework/pkg/gin.(*RouterGroup).Action.func1 (3 handlers)
2019-06-11 22:46:38 - [GIN-debug] Listening and serving HTTP on :40018
2019-06-11 22:46:44 - [GIN] 2019/06/11 - 22:46:44 | 200 |      1.9977ms |       127.0.0.1 | POST     /register/account
2019-06-11 23:05:25 - [GIN] 2019/06/11 - 23:05:25 | 404 |            0s |       127.0.0.1 | GET      /favicon.ico
2019-06-11 23:16:57 - [GIN-debug] POST   /register/account         --> github.com/zhanghup/go-framework/pkg/gin.(*RouterGroup).Action.func1 (3 handlers)
2019-06-11 23:16:57 - [GIN-debug] Listening and serving HTTP on :40018
2019-06-11 23:21:51 - [GIN-debug] POST   /register/account         --> github.com/zhanghup/go-framework/pkg/gin.(*RouterGroup).Action.func1 (3 handlers)
2019-06-11 23:21:51 - [GIN-debug] Listening and serving HTTP on :40018
2019-06-11 23:22:26 - [GIN-debug] POST   /register/account         --> github.com/zhanghup/go-framework/pkg/gin.(*RouterGroup).Action.func1 (3 handlers)
2019-06-11 23:22:26 - [GIN-debug] Listening and serving HTTP on :40018
2019-06-11 23:23:16 - [GIN-debug] POST   /register/account         --> github.com/zhanghup/go-framework/pkg/gin.(*RouterGroup).Action.func1 (3 handlers)
2019-06-11 23:23:16 - [GIN-debug] Listening and serving HTTP on :40018
2019-06-12 20:11:20 - [GIN-debug] POST   /register/account         --> github.com/zhanghup/go-framework/pkg/gin.(*RouterGroup).Action.func1 (3 handlers)
2019-06-12 20:11:20 - [GIN-debug] Listening and serving HTTP on :40018
2019-06-12 20:16:53 - 2019/06/12 20:16:53 [ERROR] - <nil>
2019-06-12 20:16:53 - 2019/06/12 20:16:53 goroutine 1 [running]:
runtime/debug.Stack(0x0, 0x0, 0x0)
	I:/Go/src/runtime/debug/stack.go:24 +0xa8
github.com/zhanghup/go-framework/ctx.LogError(0xf1f245, 0x2, 0xc00046df40, 0x1, 0x1)
	D:/workspace-goland/go-framework/ctx/log.go:343 +0x95
github.com/zhanghup/go-framework.LogError(0xf1f245, 0x2, 0xc00046df40, 0x1, 0x1)
	D:/workspace-goland/go-framework/log.go:14 +0x5a
main.main()
	D:/workspace-goland/go-framework/api/serve/main.go:20 +0x232

2019-06-12 20:16:53 - [GIN-debug] POST   /register/account         --> github.com/zhanghup/go-framework/pkg/gin.(*RouterGroup).Action.func1 (3 handlers)
2019-06-12 20:16:53 - [GIN-debug] Listening and serving HTTP on :40018
2019-06-12 20:20:50 - 2019/06/12 20:20:50 [ERROR] - <nil>
2019-06-12 20:20:50 - 2019/06/12 20:20:50 goroutine 1 [running]:
runtime/debug.Stack(0x0, 0x0, 0x0)
	I:/Go/src/runtime/debug/stack.go:24 +0xa8
github.com/zhanghup/go-framework/ctx.LogError(0xf1fca5, 0x2, 0xc00049df40, 0x1, 0x1)
	D:/workspace-goland/go-framework/ctx/log.go:343 +0x95
github.com/zhanghup/go-framework.LogError(0xf1fca5, 0x2, 0xc00049df40, 0x1, 0x1)
	D:/workspace-goland/go-framework/log.go:14 +0x5a
main.main()
	D:/workspace-goland/go-framework/api/serve/main.go:21 +0x240

2019-06-12 20:20:50 - [GIN-debug] Listening and serving HTTP on :40018
2019-06-12 20:22:37 - 2019/06/12 20:22:37 [ERROR] - <nil>
2019-06-12 20:22:37 - 2019/06/12 20:22:37 goroutine 1 [running]:
runtime/debug.Stack(0x0, 0x0, 0x0)
	I:/Go/src/runtime/debug/stack.go:24 +0xa8
github.com/zhanghup/go-framework/ctx.LogError(0xf1fca5, 0x2, 0xc000475f40, 0x1, 0x1)
	D:/workspace-goland/go-framework/ctx/log.go:343 +0x95
github.com/zhanghup/go-framework.LogError(0xf1fca5, 0x2, 0xc000475f40, 0x1, 0x1)
	D:/workspace-goland/go-framework/log.go:14 +0x5a
main.main()
	D:/workspace-goland/go-framework/api/serve/main.go:21 +0x240

2019-06-12 20:22:38 - [GIN-debug] Listening and serving HTTP on :40018
2019-06-12 20:23:14 - 2019/06/12 20:23:14 [ERROR] - <nil>
2019-06-12 20:23:14 - 2019/06/12 20:23:14 goroutine 1 [running]:
runtime/debug.Stack(0x0, 0x0, 0x0)
	I:/Go/src/runtime/debug/stack.go:24 +0xa8
github.com/zhanghup/go-framework/ctx.LogError(0xf1fd05, 0x2, 0xc0003d9f40, 0x1, 0x1)
	D:/workspace-goland/go-framework/ctx/log.go:343 +0x95
github.com/zhanghup/go-framework.LogError(0xf1fd05, 0x2, 0xc0003d9f40, 0x1, 0x1)
	D:/workspace-goland/go-framework/log.go:14 +0x5a
main.main()
	D:/workspace-goland/go-framework/api/serve/main.go:21 +0x240

2019-06-12 20:24:05 - 2019/06/12 20:24:05 [ERROR] - <nil>
2019-06-12 20:24:05 - 2019/06/12 20:24:05 goroutine 1 [running]:
runtime/debug.Stack(0x0, 0x0, 0x0)
	I:/Go/src/runtime/debug/stack.go:24 +0xa8
github.com/zhanghup/go-framework/ctx.LogError(0xf20d25, 0x2, 0xc000417f40, 0x1, 0x1)
	D:/workspace-goland/go-framework/ctx/log.go:343 +0x95
github.com/zhanghup/go-framework.LogError(0xf20d25, 0x2, 0xc000417f40, 0x1, 0x1)
	D:/workspace-goland/go-framework/log.go:14 +0x5a
main.main()
	D:/workspace-goland/go-framework/api/serve/main.go:21 +0x240

2019-06-12 20:24:07 - [GIN-debug] Listening and serving HTTP on :40018
2019-06-12 20:24:23 - 2019/06/12 20:24:23 [ERROR] - <nil>
2019-06-12 20:24:23 - 2019/06/12 20:24:23 goroutine 1 [running]:
runtime/debug.Stack(0x0, 0x0, 0x0)
	I:/Go/src/runtime/debug/stack.go:24 +0xa8
github.com/zhanghup/go-framework/ctx.LogError(0xf20d25, 0x2, 0xc0005abf40, 0x1, 0x1)
	D:/workspace-goland/go-framework/ctx/log.go:343 +0x95
github.com/zhanghup/go-framework.LogError(0xf20d25, 0x2, 0xc0005abf40, 0x1, 0x1)
	D:/workspace-goland/go-framework/log.go:14 +0x5a
main.main()
	D:/workspace-goland/go-framework/api/serve/main.go:21 +0x240

2019-06-12 20:24:32 - [GIN-debug] Listening and serving HTTP on :40018
2019-06-12 20:26:23 - 2019/06/12 20:26:23 [ERROR] - <nil>
2019-06-12 20:26:23 - 2019/06/12 20:26:23 goroutine 1 [running]:
runtime/debug.Stack(0x0, 0x0, 0x0)
	I:/Go/src/runtime/debug/stack.go:24 +0xa8
github.com/zhanghup/go-framework/ctx.LogError(0xf1fd05, 0x2, 0xc000465f40, 0x1, 0x1)
	D:/workspace-goland/go-framework/ctx/log.go:343 +0x95
github.com/zhanghup/go-framework.LogError(0xf1fd05, 0x2, 0xc000465f40, 0x1, 0x1)
	D:/workspace-goland/go-framework/log.go:14 +0x5a
main.main()
	D:/workspace-goland/go-framework/api/serve/main.go:21 +0x240

2019-06-12 20:28:57 - 2019/06/12 20:28:57 [ERROR] - <nil>
2019-06-12 20:28:57 - 2019/06/12 20:28:57 goroutine 1 [running]:
runtime/debug.Stack(0x0, 0x0, 0x0)
	I:/Go/src/runtime/debug/stack.go:24 +0xa8
github.com/zhanghup/go-framework/ctx.LogError(0xf20d25, 0x2, 0xc00046ff40, 0x1, 0x1)
	D:/workspace-goland/go-framework/ctx/log.go:343 +0x95
github.com/zhanghup/go-framework.LogError(0xf20d25, 0x2, 0xc00046ff40, 0x1, 0x1)
	D:/workspace-goland/go-framework/log.go:14 +0x5a
main.main()
	D:/workspace-goland/go-framework/api/serve/main.go:21 +0x240

2019-06-12 20:29:36 - 2019/06/12 20:29:35 [ERROR] - <nil>
2019-06-12 20:29:36 - 2019/06/12 20:29:36 goroutine 1 [running]:
runtime/debug.Stack(0x0, 0x0, 0x0)
	I:/Go/src/runtime/debug/stack.go:24 +0xa8
github.com/zhanghup/go-framework/ctx.LogError(0xf20d25, 0x2, 0xc000407f40, 0x1, 0x1)
	D:/workspace-goland/go-framework/ctx/log.go:343 +0x95
github.com/zhanghup/go-framework.LogError(0xf20d25, 0x2, 0xc000407f40, 0x1, 0x1)
	D:/workspace-goland/go-framework/log.go:14 +0x5a
main.main()
	D:/workspace-goland/go-framework/api/serve/main.go:21 +0x240

2019-06-12 20:30:57 - [GIN-debug] Listening and serving HTTP on :40018
2019-06-12 20:31:22 - 2019/06/12 20:31:22 [ERROR] - <nil>
2019-06-12 20:31:22 - 2019/06/12 20:31:22 goroutine 1 [running]:
runtime/debug.Stack(0x0, 0x0, 0x0)
	I:/Go/src/runtime/debug/stack.go:24 +0xa8
github.com/zhanghup/go-framework/ctx.LogError(0xf1fd05, 0x2, 0xc0005adf40, 0x1, 0x1)
	D:/workspace-goland/go-framework/ctx/log.go:343 +0x95
github.com/zhanghup/go-framework.LogError(0xf1fd05, 0x2, 0xc0005adf40, 0x1, 0x1)
	D:/workspace-goland/go-framework/log.go:14 +0x5a
main.main()
	D:/workspace-goland/go-framework/api/serve/main.go:21 +0x240

2019-06-12 20:31:22 - [GIN-debug] POST   /register/account         --> github.com/zhanghup/go-framework/pkg/gin.(*RouterGroup).Action.func1 (3 handlers)
2019-06-12 20:31:22 - [GIN-debug] Listening and serving HTTP on :40018
2019-06-12 20:31:38 - 2019/06/12 20:31:38 [ERROR] - <nil>
2019-06-12 20:31:38 - 2019/06/12 20:31:38 goroutine 1 [running]:
runtime/debug.Stack(0x0, 0x0, 0x0)
	I:/Go/src/runtime/debug/stack.go:24 +0xa8
github.com/zhanghup/go-framework/ctx.LogError(0xf1fd05, 0x2, 0xc00049bf40, 0x1, 0x1)
	D:/workspace-goland/go-framework/ctx/log.go:343 +0x95
github.com/zhanghup/go-framework.LogError(0xf1fd05, 0x2, 0xc00049bf40, 0x1, 0x1)
	D:/workspace-goland/go-framework/log.go:14 +0x5a
main.main()
	D:/workspace-goland/go-framework/api/serve/main.go:21 +0x240

2019-06-12 20:31:38 - [GIN-debug] Listening and serving HTTP on :40018
2019-06-12 20:32:35 - 2019/06/12 20:32:35 [ERROR] - <nil>
2019-06-12 20:32:35 - 2019/06/12 20:32:35 goroutine 1 [running]:
runtime/debug.Stack(0x0, 0x0, 0x0)
	I:/Go/src/runtime/debug/stack.go:24 +0xa8
github.com/zhanghup/go-framework/ctx.LogError(0xf1fd45, 0x2, 0xc000445f40, 0x1, 0x1)
	D:/workspace-goland/go-framework/ctx/log.go:343 +0x95
github.com/zhanghup/go-framework.LogError(0xf1fd45, 0x2, 0xc000445f40, 0x1, 0x1)
	D:/workspace-goland/go-framework/log.go:14 +0x5a
main.main()
	D:/workspace-goland/go-framework/api/serve/main.go:21 +0x240

2019-06-12 20:32:35 - [GIN-debug] POST   /register/account         --> github.com/zhanghup/go-framework/pkg/gin.(*RouterGroup).Action.func1 (3 handlers)
2019-06-12 20:32:35 - [GIN-debug] Listening and serving HTTP on :40018
2019-06-12 20:32:58 - 2019/06/12 20:32:57 [ERROR] - <nil>
2019-06-12 20:32:58 - 2019/06/12 20:32:58 goroutine 1 [running]:
runtime/debug.Stack(0x0, 0x0, 0x0)
	I:/Go/src/runtime/debug/stack.go:24 +0xa8
github.com/zhanghup/go-framework/ctx.LogError(0xf1fd45, 0x2, 0xc00049ff40, 0x1, 0x1)
	D:/workspace-goland/go-framework/ctx/log.go:343 +0x95
github.com/zhanghup/go-framework.LogError(0xf1fd45, 0x2, 0xc00049ff40, 0x1, 0x1)
	D:/workspace-goland/go-framework/log.go:14 +0x5a
main.main()
	D:/workspace-goland/go-framework/api/serve/main.go:21 +0x240

2019-06-12 20:32:58 - [GIN-debug] POST   /register/account         --> github.com/zhanghup/go-framework/pkg/gin.(*RouterGroup).Action.func1 (3 handlers)
2019-06-12 20:32:58 - [GIN-debug] Listening and serving HTTP on :40018
2019-06-12 20:33:17 - 2019/06/12 20:33:17 [ERROR] - <nil>
2019-06-12 20:33:17 - 2019/06/12 20:33:17 goroutine 1 [running]:
runtime/debug.Stack(0x0, 0x0, 0x0)
	I:/Go/src/runtime/debug/stack.go:24 +0xa8
github.com/zhanghup/go-framework/ctx.LogError(0xf1fd45, 0x2, 0xc0005b3f40, 0x1, 0x1)
	D:/workspace-goland/go-framework/ctx/log.go:343 +0x95
github.com/zhanghup/go-framework.LogError(0xf1fd45, 0x2, 0xc0005b3f40, 0x1, 0x1)
	D:/workspace-goland/go-framework/log.go:14 +0x5a
main.main()
	D:/workspace-goland/go-framework/api/serve/main.go:21 +0x240

2019-06-12 20:33:30 - 2019/06/12 20:33:30 [ERROR] - <nil>
2019-06-12 20:33:30 - 2019/06/12 20:33:30 goroutine 1 [running]:
runtime/debug.Stack(0x0, 0x0, 0x0)
	I:/Go/src/runtime/debug/stack.go:24 +0xa8
github.com/zhanghup/go-framework/ctx.LogError(0xf1fd05, 0x2, 0xc0003bbf40, 0x1, 0x1)
	D:/workspace-goland/go-framework/ctx/log.go:343 +0x95
github.com/zhanghup/go-framework.LogError(0xf1fd05, 0x2, 0xc0003bbf40, 0x1, 0x1)
	D:/workspace-goland/go-framework/log.go:14 +0x5a
main.main()
	D:/workspace-goland/go-framework/api/serve/main.go:21 +0x240

2019-06-12 20:35:08 - 2019/06/12 20:35:08 [ERROR] - <nil>
2019-06-12 20:35:08 - 2019/06/12 20:35:08 goroutine 1 [running]:
runtime/debug.Stack(0x0, 0x0, 0x0)
	I:/Go/src/runtime/debug/stack.go:24 +0xa8
github.com/zhanghup/go-framework/ctx.LogError(0xf1fd05, 0x2, 0xc000387f40, 0x1, 0x1)
	D:/workspace-goland/go-framework/ctx/log.go:343 +0x95
github.com/zhanghup/go-framework.LogError(0xf1fd05, 0x2, 0xc000387f40, 0x1, 0x1)
	D:/workspace-goland/go-framework/log.go:14 +0x5a
main.main()
	D:/workspace-goland/go-framework/api/serve/main.go:21 +0x240

2019-06-12 20:36:03 - 2019/06/12 20:36:03 [ERROR] - <nil>
2019-06-12 20:36:03 - 2019/06/12 20:36:03 goroutine 1 [running]:
runtime/debug.Stack(0x0, 0x0, 0x0)
	I:/Go/src/runtime/debug/stack.go:24 +0xa8
github.com/zhanghup/go-framework/ctx.LogError(0xf1fd05, 0x2, 0xc000445f40, 0x1, 0x1)
	D:/workspace-goland/go-framework/ctx/log.go:343 +0x95
github.com/zhanghup/go-framework.LogError(0xf1fd05, 0x2, 0xc000445f40, 0x1, 0x1)
	D:/workspace-goland/go-framework/log.go:14 +0x5a
main.main()
	D:/workspace-goland/go-framework/api/serve/main.go:21 +0x240

2019-06-12 20:36:20 - 2019/06/12 20:36:20 [ERROR] - <nil>
2019-06-12 20:36:20 - 2019/06/12 20:36:20 goroutine 1 [running]:
runtime/debug.Stack(0x0, 0x0, 0x0)
	I:/Go/src/runtime/debug/stack.go:24 +0xa8
github.com/zhanghup/go-framework/ctx.LogError(0xf1fd05, 0x2, 0xc000485f40, 0x1, 0x1)
	D:/workspace-goland/go-framework/ctx/log.go:343 +0x95
github.com/zhanghup/go-framework.LogError(0xf1fd05, 0x2, 0xc000485f40, 0x1, 0x1)
	D:/workspace-goland/go-framework/log.go:14 +0x5a
main.main()
	D:/workspace-goland/go-framework/api/serve/main.go:21 +0x240

2019-06-12 20:43:51 - 2019/06/12 20:43:51 [ERROR] - <nil>
2019-06-12 20:43:51 - 2019/06/12 20:43:51 goroutine 1 [running]:
runtime/debug.Stack(0x0, 0x0, 0x0)
	I:/Go/src/runtime/debug/stack.go:24 +0xa8
github.com/zhanghup/go-framework/ctx.LogError(0xf20d25, 0x2, 0xc00046bf40, 0x1, 0x1)
	D:/workspace-goland/go-framework/ctx/log.go:343 +0x95
github.com/zhanghup/go-framework.LogError(0xf20d25, 0x2, 0xc00046bf40, 0x1, 0x1)
	D:/workspace-goland/go-framework/log.go:14 +0x5a
main.main()
	D:/workspace-goland/go-framework/api/serve/main.go:21 +0x240

2019-06-12 20:43:51 - [GIN-debug] Listening and serving HTTP on :40018
2019-06-12 20:44:10 - 2019/06/12 20:44:10 [ERROR] - <nil>
2019-06-12 20:44:10 - 2019/06/12 20:44:10 goroutine 1 [running]:
runtime/debug.Stack(0x0, 0x0, 0x0)
	I:/Go/src/runtime/debug/stack.go:24 +0xa8
github.com/zhanghup/go-framework/ctx.LogError(0xf20d25, 0x2, 0xc0002bff40, 0x1, 0x1)
	D:/workspace-goland/go-framework/ctx/log.go:343 +0x95
github.com/zhanghup/go-framework.LogError(0xf20d25, 0x2, 0xc0002bff40, 0x1, 0x1)
	D:/workspace-goland/go-framework/log.go:14 +0x5a
main.main()
	D:/workspace-goland/go-framework/api/serve/main.go:21 +0x240

2019-06-12 20:45:39 - 2019/06/12 20:45:39 [ERROR] - <nil>
2019-06-12 20:45:39 - 2019/06/12 20:45:39 goroutine 1 [running]:
runtime/debug.Stack(0x0, 0x0, 0x0)
	I:/Go/src/runtime/debug/stack.go:24 +0xa8
github.com/zhanghup/go-framework/ctx.LogError(0xf1fb85, 0x2, 0xc000451f40, 0x1, 0x1)
	D:/workspace-goland/go-framework/ctx/log.go:343 +0x95
github.com/zhanghup/go-framework.LogError(0xf1fb85, 0x2, 0xc000451f40, 0x1, 0x1)
	D:/workspace-goland/go-framework/log.go:14 +0x5a
main.main()
	D:/workspace-goland/go-framework/api/serve/main.go:21 +0x240

2019-06-12 20:45:40 - [GIN-debug] Listening and serving HTTP on :40018
2019-06-12 20:46:31 - 2019/06/12 20:46:31 [ERROR] - <nil>
2019-06-12 20:46:31 - 2019/06/12 20:46:31 goroutine 1 [running]:
runtime/debug.Stack(0x0, 0x0, 0x0)
	I:/Go/src/runtime/debug/stack.go:24 +0xa8
github.com/zhanghup/go-framework/ctx.LogError(0xf1fb85, 0x2, 0xc000293f40, 0x1, 0x1)
	D:/workspace-goland/go-framework/ctx/log.go:343 +0x95
github.com/zhanghup/go-framework.LogError(0xf1fb85, 0x2, 0xc000293f40, 0x1, 0x1)
	D:/workspace-goland/go-framework/log.go:14 +0x5a
main.main()
	D:/workspace-goland/go-framework/api/serve/main.go:21 +0x240

2019-06-12 20:46:31 - [GIN-debug] Listening and serving HTTP on :40018
2019-06-12 21:04:30 - [GIN] 2019/06/12 - 21:04:30 | 404 |            0s |       127.0.0.1 | POST     /register/account
2019-06-12 21:05:58 - [GIN-debug] POST   /register/account         --> github.com/zhanghup/go-framework/pkg/gin.(*RouterGroup).Action.func1 (3 handlers)
2019-06-12 21:05:58 - [GIN-debug] Listening and serving HTTP on :40018
2019-06-12 21:06:04 - [GIN] 2019/06/12 - 21:06:04 | 500 |      4.0025ms |       127.0.0.1 | POST     /register/account
2019-06-12 21:09:05 - [GIN-debug] POST   /register/account         --> github.com/zhanghup/go-framework/pkg/gin.(*RouterGroup).Action.func1 (3 handlers)
2019-06-12 21:09:05 - [GIN-debug] Listening and serving HTTP on :40018
2019-06-12 21:09:13 - [GIN] 2019/06/12 - 21:09:13 | 200 |      1.0006ms |       127.0.0.1 | POST     /register/account
2019-06-12 21:10:40 - [GIN-debug] POST   /register/account         --> github.com/zhanghup/go-framework/pkg/gin.(*RouterGroup).Action.func1 (3 handlers)
2019-06-12 21:10:40 - [GIN-debug] Listening and serving HTTP on :40018
2019-06-12 21:10:46 - [GIN] 2019/06/12 - 21:10:46 | 200 |      2.9987ms |       127.0.0.1 | POST     /register/account
2019-06-13 21:05:34 - [GIN-debug] POST   /register/account         --> github.com/zhanghup/go-framework/pkg/gin.(*RouterGroup).Action.func1 (3 handlers)
2019-06-13 21:05:34 - [GIN-debug] POST   /login                    --> github.com/zhanghup/go-framework/pkg/gin.(*RouterGroup).Action.func1 (3 handlers)
2019-06-13 21:05:34 - [GIN-debug] Listening and serving HTTP on :40018
2019-06-13 21:06:03 - [GIN-debug] Listening and serving HTTP on :40018
2019-06-13 21:06:56 - [GIN] 2019/06/13 - 21:06:56 | 404 |            0s |       127.0.0.1 | POST     /register/account
2019-06-13 21:07:10 - [GIN-debug] POST   /register/account         --> github.com/zhanghup/go-framework/pkg/gin.(*RouterGroup).Action.func1 (3 handlers)
2019-06-13 21:07:10 - [GIN-debug] POST   /login                    --> github.com/zhanghup/go-framework/pkg/gin.(*RouterGroup).Action.func1 (3 handlers)
2019-06-13 21:07:10 - [GIN-debug] Listening and serving HTTP on :40018
2019-06-13 21:07:15 - [GIN] 2019/06/13 - 21:07:15 | 200 |      2.9988ms |       127.0.0.1 | POST     /register/account
2019-06-13 21:07:51 - [GIN-debug] POST   /register/account         --> github.com/zhanghup/go-framework/pkg/gin.(*RouterGroup).Action.func1 (3 handlers)
2019-06-13 21:07:51 - [GIN-debug] POST   /login                    --> github.com/zhanghup/go-framework/pkg/gin.(*RouterGroup).Action.func1 (3 handlers)
2019-06-13 21:07:51 - [GIN-debug] Listening and serving HTTP on :40018
2019-06-13 21:08:36 - [GIN-debug] POST   /register/account         --> github.com/zhanghup/go-framework/pkg/gin.(*RouterGroup).Action.func1 (3 handlers)
2019-06-13 21:08:36 - [GIN-debug] POST   /login                    --> github.com/zhanghup/go-framework/pkg/gin.(*RouterGroup).Action.func1 (3 handlers)
2019-06-13 21:08:36 - [GIN-debug] Listening and serving HTTP on :40018
2019-06-13 21:08:42 - [GIN-debug] POST   /register/account         --> github.com/zhanghup/go-framework/pkg/gin.(*RouterGroup).Action.func1 (3 handlers)
2019-06-13 21:08:42 - [GIN-debug] POST   /login                    --> github.com/zhanghup/go-framework/pkg/gin.(*RouterGroup).Action.func1 (3 handlers)
2019-06-13 21:08:42 - [GIN-debug] Listening and serving HTTP on :40018
2019-06-13 21:09:41 - [GIN-debug] POST   /register/account         --> github.com/zhanghup/go-framework/pkg/gin.(*RouterGroup).Action.func1 (3 handlers)
2019-06-13 21:09:41 - [GIN-debug] POST   /login                    --> github.com/zhanghup/go-framework/pkg/gin.(*RouterGroup).Action.func1 (3 handlers)
2019-06-13 21:09:41 - [GIN-debug] Listening and serving HTTP on :40018
2019-06-13 21:09:48 - [GIN] 2019/06/13 - 21:09:48 | 200 |    4.3287322s |       127.0.0.1 | POST     /register/account
2019-06-13 21:10:41 - [GIN-debug] POST   /register/account         --> github.com/zhanghup/go-framework/pkg/gin.(*RouterGroup).Action.func1 (3 handlers)
2019-06-13 21:10:41 - [GIN-debug] POST   /login                    --> github.com/zhanghup/go-framework/pkg/gin.(*RouterGroup).Action.func1 (3 handlers)
2019-06-13 21:10:41 - [GIN-debug] Listening and serving HTTP on :40018
2019-06-13 21:10:46 - [GIN] 2019/06/13 - 21:10:46 | 200 |    1.7468644s |       127.0.0.1 | POST     /register/account
2019-06-13 21:11:15 - [GIN-debug] POST   /register/account         --> github.com/zhanghup/go-framework/pkg/gin.(*RouterGroup).Action.func1 (3 handlers)
2019-06-13 21:11:15 - [GIN-debug] POST   /login                    --> github.com/zhanghup/go-framework/pkg/gin.(*RouterGroup).Action.func1 (3 handlers)
2019-06-13 21:11:15 - [GIN-debug] Listening and serving HTTP on :40018
2019-06-13 21:11:18 - [GIN] 2019/06/13 - 21:11:18 | 200 |     59.9817ms |       127.0.0.1 | POST     /register/account
2019-06-13 21:11:55 - [GIN] 2019/06/13 - 21:11:55 | 500 |      7.9978ms |       127.0.0.1 | POST     /login
2019-06-13 21:44:20 - [GIN-debug] POST   /register/account         --> github.com/zhanghup/go-framework/pkg/gin.(*RouterGroup).Action.func1 (3 handlers)
2019-06-13 21:44:20 - [GIN-debug] POST   /login                    --> github.com/zhanghup/go-framework/pkg/gin.(*RouterGroup).Action.func1 (3 handlers)
2019-06-13 21:44:20 - [GIN-debug] Listening and serving HTTP on :40018
2019-06-13 21:44:23 - [GIN] 2019/06/13 - 21:44:23 | 500 |      9.9917ms |       127.0.0.1 | POST     /login
2019-06-13 21:45:05 - [GIN] 2019/06/13 - 21:45:05 | 500 |   10.6254515s |       127.0.0.1 | POST     /login
2019-06-13 21:45:42 - [GIN] 2019/06/13 - 21:45:42 | 500 |    33.647872s |       127.0.0.1 | POST     /login
2019-06-13 21:46:42 - [GIN-debug] POST   /register/account         --> github.com/zhanghup/go-framework/pkg/gin.(*RouterGroup).Action.func1 (3 handlers)
2019-06-13 21:46:42 - [GIN-debug] POST   /login                    --> github.com/zhanghup/go-framework/pkg/gin.(*RouterGroup).Action.func1 (3 handlers)
2019-06-13 21:46:42 - [GIN-debug] Listening and serving HTTP on :40018
2019-06-13 21:48:14 - [GIN-debug] POST   /register/account         --> github.com/zhanghup/go-framework/pkg/gin.(*RouterGroup).Action.func1 (3 handlers)
2019-06-13 21:48:14 - [GIN-debug] POST   /login                    --> github.com/zhanghup/go-framework/pkg/gin.(*RouterGroup).Action.func1 (3 handlers)
2019-06-13 21:48:14 - [GIN-debug] Listening and serving HTTP on :40018
2019-06-13 21:49:29 - [GIN] 2019/06/13 - 21:49:29 | 500 |          1m7s |       127.0.0.1 | POST     /login
2019-06-13 21:50:08 - [GIN-debug] POST   /register/account         --> github.com/zhanghup/go-framework/pkg/gin.(*RouterGroup).Action.func1 (3 handlers)
2019-06-13 21:50:08 - [GIN-debug] POST   /login                    --> github.com/zhanghup/go-framework/pkg/gin.(*RouterGroup).Action.func1 (3 handlers)
2019-06-13 21:50:08 - [GIN-debug] Listening and serving HTTP on :40018
2019-06-13 21:50:12 - [GIN] 2019/06/13 - 21:50:12 | 500 |      5.9984ms |       127.0.0.1 | POST     /login
2019-06-13 21:50:25 - [GIN] 2019/06/13 - 21:50:25 | 500 |    4.3592988s |       127.0.0.1 | POST     /login
2019-06-13 21:51:49 - [GIN] 2019/06/13 - 21:51:49 | 500 |   31.2376242s |       127.0.0.1 | POST     /login
2019-06-13 21:53:05 - [GIN-debug] POST   /register/account         --> github.com/zhanghup/go-framework/pkg/gin.(*RouterGroup).Action.func1 (3 handlers)
2019-06-13 21:53:05 - [GIN-debug] POST   /login                    --> github.com/zhanghup/go-framework/pkg/gin.(*RouterGroup).Action.func1 (3 handlers)
2019-06-13 21:53:05 - [GIN-debug] Listening and serving HTTP on :40018
2019-06-13 21:53:15 - [GIN] 2019/06/13 - 21:53:15 | 500 |    5.5832208s |       127.0.0.1 | POST     /login
2019-06-13 21:54:12 - [GIN-debug] POST   /register/account         --> github.com/zhanghup/go-framework/pkg/gin.(*RouterGroup).Action.func1 (3 handlers)
2019-06-13 21:54:12 - [GIN-debug] POST   /login                    --> github.com/zhanghup/go-framework/pkg/gin.(*RouterGroup).Action.func1 (3 handlers)
2019-06-13 21:54:12 - [GIN-debug] Listening and serving HTTP on :40018
2019-06-13 21:54:18 - [GIN] 2019/06/13 - 21:54:18 | 200 |     1.753592s |       127.0.0.1 | POST     /login
2019-06-13 22:05:11 - [GIN-debug] POST   /register/account         --> github.com/zhanghup/go-framework/pkg/gin.(*RouterGroup).Action.func1 (3 handlers)
2019-06-13 22:05:11 - [GIN-debug] POST   /login                    --> github.com/zhanghup/go-framework/pkg/gin.(*RouterGroup).Action.func1 (3 handlers)
2019-06-13 22:05:11 - [GIN-debug] Listening and serving HTTP on :40018
2019-06-13 22:05:14 - [GIN] 2019/06/13 - 22:05:14 | 200 |      5.9985ms |       127.0.0.1 | POST     /login
2019-06-13 22:23:29 - [GIN-debug] POST   /register/account         --> github.com/zhanghup/go-framework/pkg/gin.(*RouterGroup).Action.func1 (3 handlers)
2019-06-13 22:23:29 - [GIN-debug] POST   /login                    --> github.com/zhanghup/go-framework/pkg/gin.(*RouterGroup).Action.func1 (3 handlers)
2019-06-13 22:23:29 - [GIN-debug] Listening and serving HTTP on :40018
2019-06-13 22:23:49 - [GIN] 2019/06/13 - 22:23:49 | 200 |    144.3425ms |       127.0.0.1 | POST     /login
2019-06-13 22:36:11 - [GIN] 2019/06/13 - 22:36:11 | 200 |    405.6758ms |       127.0.0.1 | POST     /login
2019-06-13 22:40:06 - [GIN-debug] POST   /register/account         --> github.com/zhanghup/go-framework/pkg/gin.(*RouterGroup).Action.func1 (3 handlers)
2019-06-13 22:40:06 - [GIN-debug] POST   /login                    --> github.com/zhanghup/go-framework/pkg/gin.(*RouterGroup).Action.func1 (3 handlers)
2019-06-13 22:40:06 - [GIN-debug] Listening and serving HTTP on :40018
2019-06-13 22:40:21 - [GIN] 2019/06/13 - 22:40:21 | 200 |    219.5787ms |       127.0.0.1 | POST     /login
2019-06-13 22:41:08 - [GIN] 2019/06/13 - 22:41:08 | 200 |    446.1981ms |       127.0.0.1 | POST     /login
2019-06-13 22:41:09 - [GIN] 2019/06/13 - 22:41:09 | 200 |    291.9117ms |       127.0.0.1 | POST     /login
2019-06-13 23:02:14 - [GIN-debug] POST   /register/account         --> github.com/zhanghup/go-framework/pkg/gin.(*RouterGroup).Action.func1 (3 handlers)
2019-06-13 23:02:14 - [GIN-debug] POST   /login                    --> github.com/zhanghup/go-framework/pkg/gin.(*RouterGroup).Action.func1 (3 handlers)
2019-06-13 23:02:14 - [GIN-debug] POST   /logout                   --> github.com/zhanghup/go-framework/pkg/gin.(*RouterGroup).Action.func1 (3 handlers)
2019-06-13 23:02:14 - [GIN-debug] Listening and serving HTTP on :40018
2019-06-13 23:09:23 - [GIN] 2019/06/13 - 23:09:23 | 200 |            0s |       127.0.0.1 | POST     /logout
2019-06-13 23:09:27 - [GIN] 2019/06/13 - 23:09:27 | 200 |            0s |       127.0.0.1 | POST     /logout
2019-06-15 10:19:30 - [GIN-debug] POST   /register/account         --> github.com/zhanghup/go-framework/pkg/gin.(*RouterGroup).Action.func1 (3 handlers)
2019-06-15 10:19:30 - [GIN-debug] POST   /login                    --> github.com/zhanghup/go-framework/pkg/gin.(*RouterGroup).Action.func1 (3 handlers)
2019-06-15 10:19:30 - [GIN-debug] POST   /logout                   --> github.com/zhanghup/go-framework/pkg/gin.(*RouterGroup).Action.func1 (3 handlers)
2019-06-15 10:19:30 - [GIN-debug] POST   /login/wx                 --> github.com/zhanghup/go-framework/pkg/gin.(*RouterGroup).Action.func1 (3 handlers)
2019-06-15 10:19:30 - [GIN-debug] POST   /login/wc                 --> github.com/zhanghup/go-framework/pkg/gin.(*RouterGroup).Action.func1 (3 handlers)
2019-06-15 10:19:30 - [GIN-debug] Listening and serving HTTP on :40018
2019-06-15 10:20:05 - [GIN-debug] POST   /register/account         --> github.com/zhanghup/go-framework/pkg/gin.(*RouterGroup).Action.func1 (3 handlers)
2019-06-15 10:20:05 - [GIN-debug] POST   /login                    --> github.com/zhanghup/go-framework/pkg/gin.(*RouterGroup).Action.func1 (3 handlers)
2019-06-15 10:20:05 - [GIN-debug] POST   /logout                   --> github.com/zhanghup/go-framework/pkg/gin.(*RouterGroup).Action.func1 (3 handlers)
2019-06-15 10:20:05 - [GIN-debug] POST   /login/wx                 --> github.com/zhanghup/go-framework/pkg/gin.(*RouterGroup).Action.func1 (3 handlers)
2019-06-15 10:20:05 - [GIN-debug] POST   /login/wc                 --> github.com/zhanghup/go-framework/pkg/gin.(*RouterGroup).Action.func1 (3 handlers)
2019-06-15 10:20:05 - [GIN-debug] Listening and serving HTTP on :40018
2019-06-15 10:23:58 - [GIN-debug] POST   /register/account         --> github.com/zhanghup/go-framework/pkg/gin.(*RouterGroup).Action.func1 (3 handlers)
2019-06-15 10:23:58 - [GIN-debug] POST   /login                    --> github.com/zhanghup/go-framework/pkg/gin.(*RouterGroup).Action.func1 (3 handlers)
2019-06-15 10:23:58 - [GIN-debug] POST   /logout                   --> github.com/zhanghup/go-framework/pkg/gin.(*RouterGroup).Action.func1 (3 handlers)
2019-06-15 10:23:58 - [GIN-debug] POST   /login/wx                 --> github.com/zhanghup/go-framework/pkg/gin.(*RouterGroup).Action.func1 (3 handlers)
2019-06-15 10:23:58 - [GIN-debug] POST   /login/wc                 --> github.com/zhanghup/go-framework/pkg/gin.(*RouterGroup).Action.func1 (3 handlers)
2019-06-15 10:23:58 - [GIN-debug] Listening and serving HTTP on :40018
2019-06-15 10:25:14 - [GIN-debug] POST   /register/account         --> github.com/zhanghup/go-framework/pkg/gin.(*RouterGroup).Action.func1 (3 handlers)
2019-06-15 10:25:14 - [GIN-debug] POST   /login                    --> github.com/zhanghup/go-framework/pkg/gin.(*RouterGroup).Action.func1 (3 handlers)
2019-06-15 10:25:14 - [GIN-debug] POST   /logout                   --> github.com/zhanghup/go-framework/pkg/gin.(*RouterGroup).Action.func1 (3 handlers)
2019-06-15 10:25:14 - [GIN-debug] POST   /login/wx                 --> github.com/zhanghup/go-framework/pkg/gin.(*RouterGroup).Action.func1 (3 handlers)
2019-06-15 10:25:14 - [GIN-debug] POST   /login/wc                 --> github.com/zhanghup/go-framework/pkg/gin.(*RouterGroup).Action.func1 (3 handlers)
2019-06-15 10:25:14 - [GIN-debug] Listening and serving HTTP on :40018
2019-06-15 10:25:53 - [GIN-debug] POST   /register/account         --> github.com/zhanghup/go-framework/pkg/gin.(*RouterGroup).Action.func1 (3 handlers)
2019-06-15 10:25:53 - [GIN-debug] POST   /login                    --> github.com/zhanghup/go-framework/pkg/gin.(*RouterGroup).Action.func1 (3 handlers)
2019-06-15 10:25:53 - [GIN-debug] POST   /logout                   --> github.com/zhanghup/go-framework/pkg/gin.(*RouterGroup).Action.func1 (3 handlers)
2019-06-15 10:25:53 - [GIN-debug] POST   /login/wx                 --> github.com/zhanghup/go-framework/pkg/gin.(*RouterGroup).Action.func1 (3 handlers)
2019-06-15 10:25:53 - [GIN-debug] POST   /login/wc                 --> github.com/zhanghup/go-framework/pkg/gin.(*RouterGroup).Action.func1 (3 handlers)
2019-06-15 10:25:53 - [GIN-debug] Listening and serving HTTP on :40018
2019-06-15 10:27:45 - [GIN-debug] POST   /register/account         --> github.com/zhanghup/go-framework/pkg/gin.(*RouterGroup).Action.func1 (3 handlers)
2019-06-15 10:27:45 - [GIN-debug] POST   /login                    --> github.com/zhanghup/go-framework/pkg/gin.(*RouterGroup).Action.func1 (3 handlers)
2019-06-15 10:27:45 - [GIN-debug] POST   /logout                   --> github.com/zhanghup/go-framework/pkg/gin.(*RouterGroup).Action.func1 (3 handlers)
2019-06-15 10:27:45 - [GIN-debug] POST   /login/wx                 --> github.com/zhanghup/go-framework/pkg/gin.(*RouterGroup).Action.func1 (3 handlers)
2019-06-15 10:27:45 - [GIN-debug] POST   /login/wc                 --> github.com/zhanghup/go-framework/pkg/gin.(*RouterGroup).Action.func1 (3 handlers)
2019-06-15 10:27:45 - [GIN-debug] Listening and serving HTTP on :40018
2019-06-15 10:28:13 - [GIN-debug] POST   /register/account         --> github.com/zhanghup/go-framework/pkg/gin.(*RouterGroup).Action.func1 (3 handlers)
2019-06-15 10:28:13 - [GIN-debug] POST   /login                    --> github.com/zhanghup/go-framework/pkg/gin.(*RouterGroup).Action.func1 (3 handlers)
2019-06-15 10:28:13 - [GIN-debug] POST   /logout                   --> github.com/zhanghup/go-framework/pkg/gin.(*RouterGroup).Action.func1 (3 handlers)
2019-06-15 10:28:13 - [GIN-debug] POST   /login/wx                 --> github.com/zhanghup/go-framework/pkg/gin.(*RouterGroup).Action.func1 (3 handlers)
2019-06-15 10:28:13 - [GIN-debug] POST   /login/wc                 --> github.com/zhanghup/go-framework/pkg/gin.(*RouterGroup).Action.func1 (3 handlers)
2019-06-15 10:28:13 - [GIN-debug] Listening and serving HTTP on :40018
2019-06-15 10:28:57 - [GIN-debug] Listening and serving HTTP on :40018
2019-06-15 10:46:42 - [GIN-debug] POST   /register/account         --> github.com/zhanghup/go-framework/pkg/gin.(*RouterGroup).Action.func1 (3 handlers)
2019-06-15 10:46:42 - [GIN-debug] POST   /login                    --> github.com/zhanghup/go-framework/pkg/gin.(*RouterGroup).Action.func1 (3 handlers)
2019-06-15 10:46:42 - [GIN-debug] POST   /logout                   --> github.com/zhanghup/go-framework/pkg/gin.(*RouterGroup).Action.func1 (3 handlers)
2019-06-15 10:46:42 - [GIN-debug] POST   /login/wx                 --> github.com/zhanghup/go-framework/pkg/gin.(*RouterGroup).Action.func1 (3 handlers)
2019-06-15 10:46:42 - [GIN-debug] POST   /login/wc                 --> github.com/zhanghup/go-framework/pkg/gin.(*RouterGroup).Action.func1 (3 handlers)
2019-06-15 10:46:42 - [GIN-debug] POST   /upload                   --> github.com/zhanghup/go-framework/pkg/gin.(*RouterGroup).Action.func1 (3 handlers)
2019-06-15 10:46:42 - [GIN-debug] Listening and serving HTTP on :40018
2019-06-15 10:47:44 - [GIN-debug] [WARNING] Headers were already written. Wanted to override status code 400 with 200
2019-06-15 10:47:44 - [GIN] 2019/06/15 - 10:47:44 | 200 |            0s |       127.0.0.1 | POST     /upload
2019-06-15 10:49:31 - [GIN-debug] POST   /register/account         --> github.com/zhanghup/go-framework/pkg/gin.(*RouterGroup).Action.func1 (3 handlers)
2019-06-15 10:49:31 - [GIN-debug] POST   /login                    --> github.com/zhanghup/go-framework/pkg/gin.(*RouterGroup).Action.func1 (3 handlers)
2019-06-15 10:49:31 - [GIN-debug] POST   /logout                   --> github.com/zhanghup/go-framework/pkg/gin.(*RouterGroup).Action.func1 (3 handlers)
2019-06-15 10:49:31 - [GIN-debug] POST   /login/wx                 --> github.com/zhanghup/go-framework/pkg/gin.(*RouterGroup).Action.func1 (3 handlers)
2019-06-15 10:49:31 - [GIN-debug] POST   /login/wc                 --> github.com/zhanghup/go-framework/pkg/gin.(*RouterGroup).Action.func1 (3 handlers)
2019-06-15 10:49:31 - [GIN-debug] POST   /upload                   --> github.com/zhanghup/go-framework/pkg/gin.(*RouterGroup).Action.func1 (3 handlers)
2019-06-15 10:49:31 - [GIN-debug] Listening and serving HTTP on :40018
2019-06-15 10:50:16 - [GIN] 2019/06/15 - 10:50:16 | 200 |      39.994ms |       127.0.0.1 | POST     /upload
2019-06-15 10:51:04 - [GIN-debug] POST   /register/account         --> github.com/zhanghup/go-framework/pkg/gin.(*RouterGroup).Action.func1 (3 handlers)
2019-06-15 10:51:04 - [GIN-debug] POST   /login                    --> github.com/zhanghup/go-framework/pkg/gin.(*RouterGroup).Action.func1 (3 handlers)
2019-06-15 10:51:04 - [GIN-debug] POST   /logout                   --> github.com/zhanghup/go-framework/pkg/gin.(*RouterGroup).Action.func1 (3 handlers)
2019-06-15 10:51:04 - [GIN-debug] POST   /login/wx                 --> github.com/zhanghup/go-framework/pkg/gin.(*RouterGroup).Action.func1 (3 handlers)
2019-06-15 10:51:04 - [GIN-debug] POST   /login/wc                 --> github.com/zhanghup/go-framework/pkg/gin.(*RouterGroup).Action.func1 (3 handlers)
2019-06-15 10:51:04 - [GIN-debug] POST   /upload                   --> github.com/zhanghup/go-framework/pkg/gin.(*RouterGroup).Action.func1 (3 handlers)
2019-06-15 10:51:04 - [GIN-debug] Listening and serving HTTP on :40018
2019-06-15 10:51:35 - [GIN] 2019/06/15 - 10:51:35 | 200 |   27.2741953s |       127.0.0.1 | POST     /upload
2019-06-15 10:52:03 - [GIN-debug] POST   /register/account         --> github.com/zhanghup/go-framework/pkg/gin.(*RouterGroup).Action.func1 (3 handlers)
2019-06-15 10:52:03 - [GIN-debug] POST   /login                    --> github.com/zhanghup/go-framework/pkg/gin.(*RouterGroup).Action.func1 (3 handlers)
2019-06-15 10:52:03 - [GIN-debug] POST   /logout                   --> github.com/zhanghup/go-framework/pkg/gin.(*RouterGroup).Action.func1 (3 handlers)
2019-06-15 10:52:03 - [GIN-debug] POST   /login/wx                 --> github.com/zhanghup/go-framework/pkg/gin.(*RouterGroup).Action.func1 (3 handlers)
2019-06-15 10:52:03 - [GIN-debug] POST   /login/wc                 --> github.com/zhanghup/go-framework/pkg/gin.(*RouterGroup).Action.func1 (3 handlers)
2019-06-15 10:52:03 - [GIN-debug] POST   /upload                   --> github.com/zhanghup/go-framework/pkg/gin.(*RouterGroup).Action.func1 (3 handlers)
2019-06-15 10:52:03 - [GIN-debug] Listening and serving HTTP on :40018
2019-06-15 10:52:08 - [GIN] 2019/06/15 - 10:52:08 | 200 |     31.9852ms |       127.0.0.1 | POST     /upload
2019-06-15 10:53:14 - [GIN-debug] POST   /register/account         --> github.com/zhanghup/go-framework/pkg/gin.(*RouterGroup).Action.func1 (3 handlers)
2019-06-15 10:53:14 - [GIN-debug] POST   /login                    --> github.com/zhanghup/go-framework/pkg/gin.(*RouterGroup).Action.func1 (3 handlers)
2019-06-15 10:53:14 - [GIN-debug] POST   /logout                   --> github.com/zhanghup/go-framework/pkg/gin.(*RouterGroup).Action.func1 (3 handlers)
2019-06-15 10:53:14 - [GIN-debug] POST   /login/wx                 --> github.com/zhanghup/go-framework/pkg/gin.(*RouterGroup).Action.func1 (3 handlers)
2019-06-15 10:53:14 - [GIN-debug] POST   /login/wc                 --> github.com/zhanghup/go-framework/pkg/gin.(*RouterGroup).Action.func1 (3 handlers)
2019-06-15 10:53:14 - [GIN-debug] POST   /upload                   --> github.com/zhanghup/go-framework/pkg/gin.(*RouterGroup).Action.func1 (3 handlers)
2019-06-15 10:53:14 - [GIN-debug] Listening and serving HTTP on :40018
2019-06-15 10:53:17 - [GIN] 2019/06/15 - 10:53:17 | 200 |    427.0098ms |       127.0.0.1 | POST     /upload
2019-06-15 10:54:29 - [GIN-debug] POST   /register/account         --> github.com/zhanghup/go-framework/pkg/gin.(*RouterGroup).Action.func1 (3 handlers)
2019-06-15 10:54:29 - [GIN-debug] POST   /login                    --> github.com/zhanghup/go-framework/pkg/gin.(*RouterGroup).Action.func1 (3 handlers)
2019-06-15 10:54:29 - [GIN-debug] POST   /logout                   --> github.com/zhanghup/go-framework/pkg/gin.(*RouterGroup).Action.func1 (3 handlers)
2019-06-15 10:54:29 - [GIN-debug] POST   /login/wx                 --> github.com/zhanghup/go-framework/pkg/gin.(*RouterGroup).Action.func1 (3 handlers)
2019-06-15 10:54:29 - [GIN-debug] POST   /login/wc                 --> github.com/zhanghup/go-framework/pkg/gin.(*RouterGroup).Action.func1 (3 handlers)
2019-06-15 10:54:29 - [GIN-debug] POST   /upload                   --> github.com/zhanghup/go-framework/pkg/gin.(*RouterGroup).Action.func1 (3 handlers)
2019-06-15 10:54:29 - [GIN-debug] Listening and serving HTTP on :40018
2019-06-15 10:54:33 - [GIN] 2019/06/15 - 10:54:33 | 200 |    809.7226ms |       127.0.0.1 | POST     /upload
2019-06-15 10:57:52 - [GIN-debug] POST   /register/account         --> github.com/zhanghup/go-framework/pkg/gin.(*RouterGroup).Action.func1 (3 handlers)
2019-06-15 10:57:52 - [GIN-debug] POST   /login                    --> github.com/zhanghup/go-framework/pkg/gin.(*RouterGroup).Action.func1 (3 handlers)
2019-06-15 10:57:52 - [GIN-debug] POST   /logout                   --> github.com/zhanghup/go-framework/pkg/gin.(*RouterGroup).Action.func1 (3 handlers)
2019-06-15 10:57:52 - [GIN-debug] POST   /login/wx                 --> github.com/zhanghup/go-framework/pkg/gin.(*RouterGroup).Action.func1 (3 handlers)
2019-06-15 10:57:52 - [GIN-debug] POST   /login/wc                 --> github.com/zhanghup/go-framework/pkg/gin.(*RouterGroup).Action.func1 (3 handlers)
2019-06-15 10:57:52 - [GIN-debug] POST   /upload                   --> github.com/zhanghup/go-framework/pkg/gin.(*RouterGroup).Action.func1 (3 handlers)
2019-06-15 10:57:52 - [GIN-debug] Listening and serving HTTP on :40018
2019-06-15 10:57:55 - [GIN] 2019/06/15 - 10:57:55 | 200 |      2.0023ms |       127.0.0.1 | POST     /upload
2019-06-15 10:58:14 - [GIN-debug] POST   /register/account         --> github.com/zhanghup/go-framework/pkg/gin.(*RouterGroup).Action.func1 (3 handlers)
2019-06-15 10:58:14 - [GIN-debug] POST   /login                    --> github.com/zhanghup/go-framework/pkg/gin.(*RouterGroup).Action.func1 (3 handlers)
2019-06-15 10:58:14 - [GIN-debug] POST   /logout                   --> github.com/zhanghup/go-framework/pkg/gin.(*RouterGroup).Action.func1 (3 handlers)
2019-06-15 10:58:14 - [GIN-debug] POST   /login/wx                 --> github.com/zhanghup/go-framework/pkg/gin.(*RouterGroup).Action.func1 (3 handlers)
2019-06-15 10:58:14 - [GIN-debug] POST   /login/wc                 --> github.com/zhanghup/go-framework/pkg/gin.(*RouterGroup).Action.func1 (3 handlers)
2019-06-15 10:58:14 - [GIN-debug] POST   /upload                   --> github.com/zhanghup/go-framework/pkg/gin.(*RouterGroup).Action.func1 (3 handlers)
2019-06-15 10:58:14 - [GIN-debug] Listening and serving HTTP on :40018
2019-06-15 10:59:28 - [GIN-debug] POST   /register/account         --> github.com/zhanghup/go-framework/pkg/gin.(*RouterGroup).Action.func1 (3 handlers)
2019-06-15 10:59:28 - [GIN-debug] POST   /login                    --> github.com/zhanghup/go-framework/pkg/gin.(*RouterGroup).Action.func1 (3 handlers)
2019-06-15 10:59:28 - [GIN-debug] POST   /logout                   --> github.com/zhanghup/go-framework/pkg/gin.(*RouterGroup).Action.func1 (3 handlers)
2019-06-15 10:59:28 - [GIN-debug] POST   /login/wx                 --> github.com/zhanghup/go-framework/pkg/gin.(*RouterGroup).Action.func1 (3 handlers)
2019-06-15 10:59:28 - [GIN-debug] POST   /login/wc                 --> github.com/zhanghup/go-framework/pkg/gin.(*RouterGroup).Action.func1 (3 handlers)
2019-06-15 10:59:28 - [GIN-debug] POST   /upload                   --> github.com/zhanghup/go-framework/pkg/gin.(*RouterGroup).Action.func1 (3 handlers)
2019-06-15 10:59:28 - [GIN-debug] Listening and serving HTTP on :40018
2019-06-15 10:59:36 - [GIN] 2019/06/15 - 10:59:36 | 200 |    2.1860633s |       127.0.0.1 | POST     /upload
2019-06-15 11:00:21 - [GIN-debug] POST   /register/account         --> github.com/zhanghup/go-framework/pkg/gin.(*RouterGroup).Action.func1 (3 handlers)
2019-06-15 11:00:21 - [GIN-debug] POST   /login                    --> github.com/zhanghup/go-framework/pkg/gin.(*RouterGroup).Action.func1 (3 handlers)
2019-06-15 11:00:21 - [GIN-debug] POST   /logout                   --> github.com/zhanghup/go-framework/pkg/gin.(*RouterGroup).Action.func1 (3 handlers)
2019-06-15 11:00:21 - [GIN-debug] POST   /login/wx                 --> github.com/zhanghup/go-framework/pkg/gin.(*RouterGroup).Action.func1 (3 handlers)
2019-06-15 11:00:21 - [GIN-debug] POST   /login/wc                 --> github.com/zhanghup/go-framework/pkg/gin.(*RouterGroup).Action.func1 (3 handlers)
2019-06-15 11:00:21 - [GIN-debug] POST   /upload                   --> github.com/zhanghup/go-framework/pkg/gin.(*RouterGroup).Action.func1 (3 handlers)
2019-06-15 11:00:21 - [GIN-debug] Listening and serving HTTP on :40018
2019-06-15 11:00:23 - [GIN] 2019/06/15 - 11:00:23 | 200 |    1.0477967s |       127.0.0.1 | POST     /upload
2019-06-15 11:00:26 - [GIN] 2019/06/15 - 11:00:26 | 200 |      8.9971ms |       127.0.0.1 | POST     /upload
2019-06-15 11:00:28 - [GIN] 2019/06/15 - 11:00:28 | 200 |      4.9929ms |       127.0.0.1 | POST     /upload
2019-06-15 11:00:29 - [GIN] 2019/06/15 - 11:00:29 | 200 |      2.9988ms |       127.0.0.1 | POST     /upload
2019-06-15 11:00:30 - [GIN] 2019/06/15 - 11:00:30 | 200 |      3.0061ms |       127.0.0.1 | POST     /upload
2019-06-15 11:02:25 - [GIN-debug] POST   /register/account         --> github.com/zhanghup/go-framework/pkg/gin.(*RouterGroup).Action.func1 (3 handlers)
2019-06-15 11:02:25 - [GIN-debug] POST   /login                    --> github.com/zhanghup/go-framework/pkg/gin.(*RouterGroup).Action.func1 (3 handlers)
2019-06-15 11:02:25 - [GIN-debug] POST   /logout                   --> github.com/zhanghup/go-framework/pkg/gin.(*RouterGroup).Action.func1 (3 handlers)
2019-06-15 11:02:25 - [GIN-debug] POST   /login/wx                 --> github.com/zhanghup/go-framework/pkg/gin.(*RouterGroup).Action.func1 (3 handlers)
2019-06-15 11:02:25 - [GIN-debug] POST   /login/wc                 --> github.com/zhanghup/go-framework/pkg/gin.(*RouterGroup).Action.func1 (3 handlers)
2019-06-15 11:02:25 - [GIN-debug] POST   /upload                   --> github.com/zhanghup/go-framework/pkg/gin.(*RouterGroup).Action.func1 (3 handlers)
2019-06-15 11:02:25 - [GIN-debug] Listening and serving HTTP on :40018
2019-06-15 11:04:10 - [GIN-debug] POST   /register/account         --> github.com/zhanghup/go-framework/pkg/gin.(*RouterGroup).Action.func1 (3 handlers)
2019-06-15 11:04:10 - [GIN-debug] POST   /login                    --> github.com/zhanghup/go-framework/pkg/gin.(*RouterGroup).Action.func1 (3 handlers)
2019-06-15 11:04:10 - [GIN-debug] POST   /logout                   --> github.com/zhanghup/go-framework/pkg/gin.(*RouterGroup).Action.func1 (3 handlers)
2019-06-15 11:04:10 - [GIN-debug] POST   /login/wx                 --> github.com/zhanghup/go-framework/pkg/gin.(*RouterGroup).Action.func1 (3 handlers)
2019-06-15 11:04:10 - [GIN-debug] POST   /login/wc                 --> github.com/zhanghup/go-framework/pkg/gin.(*RouterGroup).Action.func1 (3 handlers)
2019-06-15 11:04:10 - [GIN-debug] POST   /upload                   --> github.com/zhanghup/go-framework/pkg/gin.(*RouterGroup).Action.func1 (3 handlers)
2019-06-15 11:04:10 - [GIN-debug] GET    /upload/:id               --> github.com/zhanghup/go-framework/api.Resource.func2 (3 handlers)
2019-06-15 11:04:10 - [GIN-debug] Listening and serving HTTP on :40018
2019-06-15 11:04:27 - [GIN] 2019/06/15 - 11:04:27 | 200 |      3.9997ms |       127.0.0.1 | POST     /upload
2019-06-15 11:05:03 - [GIN-debug] POST   /register/account         --> github.com/zhanghup/go-framework/pkg/gin.(*RouterGroup).Action.func1 (3 handlers)
2019-06-15 11:05:03 - [GIN-debug] POST   /login                    --> github.com/zhanghup/go-framework/pkg/gin.(*RouterGroup).Action.func1 (3 handlers)
2019-06-15 11:05:03 - [GIN-debug] POST   /logout                   --> github.com/zhanghup/go-framework/pkg/gin.(*RouterGroup).Action.func1 (3 handlers)
2019-06-15 11:05:03 - [GIN-debug] POST   /login/wx                 --> github.com/zhanghup/go-framework/pkg/gin.(*RouterGroup).Action.func1 (3 handlers)
2019-06-15 11:05:03 - [GIN-debug] POST   /login/wc                 --> github.com/zhanghup/go-framework/pkg/gin.(*RouterGroup).Action.func1 (3 handlers)
2019-06-15 11:05:03 - [GIN-debug] POST   /upload                   --> github.com/zhanghup/go-framework/pkg/gin.(*RouterGroup).Action.func1 (3 handlers)
2019-06-15 11:05:03 - [GIN-debug] GET    /upload/:id               --> github.com/zhanghup/go-framework/api.Resource.func2 (3 handlers)
2019-06-15 11:05:03 - [GIN-debug] Listening and serving HTTP on :40018
2019-06-15 11:05:19 - [GIN] 2019/06/15 - 11:05:19 | 200 |      3.0027ms |       127.0.0.1 | POST     /upload
2019-06-15 11:05:58 - [GIN-debug] POST   /register/account         --> github.com/zhanghup/go-framework/pkg/gin.(*RouterGroup).Action.func1 (3 handlers)
2019-06-15 11:05:58 - [GIN-debug] POST   /login                    --> github.com/zhanghup/go-framework/pkg/gin.(*RouterGroup).Action.func1 (3 handlers)
2019-06-15 11:05:58 - [GIN-debug] POST   /logout                   --> github.com/zhanghup/go-framework/pkg/gin.(*RouterGroup).Action.func1 (3 handlers)
2019-06-15 11:05:58 - [GIN-debug] POST   /login/wx                 --> github.com/zhanghup/go-framework/pkg/gin.(*RouterGroup).Action.func1 (3 handlers)
2019-06-15 11:05:58 - [GIN-debug] POST   /login/wc                 --> github.com/zhanghup/go-framework/pkg/gin.(*RouterGroup).Action.func1 (3 handlers)
2019-06-15 11:05:58 - [GIN-debug] POST   /upload                   --> github.com/zhanghup/go-framework/pkg/gin.(*RouterGroup).Action.func1 (3 handlers)
2019-06-15 11:05:58 - [GIN-debug] GET    /upload/:id               --> github.com/zhanghup/go-framework/api.Resource.func2 (3 handlers)
2019-06-15 11:05:58 - [GIN-debug] Listening and serving HTTP on :40018
2019-06-15 11:06:00 - [GIN] 2019/06/15 - 11:06:00 | 200 |      4.0027ms |       127.0.0.1 | POST     /upload
2019-06-15 11:06:16 - [GIN-debug] POST   /register/account         --> github.com/zhanghup/go-framework/pkg/gin.(*RouterGroup).Action.func1 (3 handlers)
2019-06-15 11:06:16 - [GIN-debug] POST   /login                    --> github.com/zhanghup/go-framework/pkg/gin.(*RouterGroup).Action.func1 (3 handlers)
2019-06-15 11:06:16 - [GIN-debug] POST   /logout                   --> github.com/zhanghup/go-framework/pkg/gin.(*RouterGroup).Action.func1 (3 handlers)
2019-06-15 11:06:16 - [GIN-debug] POST   /login/wx                 --> github.com/zhanghup/go-framework/pkg/gin.(*RouterGroup).Action.func1 (3 handlers)
2019-06-15 11:06:16 - [GIN-debug] POST   /login/wc                 --> github.com/zhanghup/go-framework/pkg/gin.(*RouterGroup).Action.func1 (3 handlers)
2019-06-15 11:06:16 - [GIN-debug] POST   /upload                   --> github.com/zhanghup/go-framework/pkg/gin.(*RouterGroup).Action.func1 (3 handlers)
2019-06-15 11:06:16 - [GIN-debug] GET    /upload/:id               --> github.com/zhanghup/go-framework/api.Resource.func2 (3 handlers)
2019-06-15 11:06:16 - [GIN-debug] Listening and serving HTTP on :40018
2019-06-15 11:06:18 - [GIN] 2019/06/15 - 11:06:18 | 200 |      3.9972ms |       127.0.0.1 | POST     /upload
2019-06-15 11:06:24 - [GIN] 2019/06/15 - 11:06:24 | 200 |       998.4µs |       127.0.0.1 | GET      /upload/5d045f461fa8d53dbcc060ad.png
2019-06-15 11:06:24 - [GIN] 2019/06/15 - 11:06:24 | 404 |            0s |       127.0.0.1 | GET      /favicon.ico
2019-06-15 11:07:14 - [GIN-debug] POST   /register/account         --> github.com/zhanghup/go-framework/pkg/gin.(*RouterGroup).Action.func1 (3 handlers)
2019-06-15 11:07:14 - [GIN-debug] POST   /login                    --> github.com/zhanghup/go-framework/pkg/gin.(*RouterGroup).Action.func1 (3 handlers)
2019-06-15 11:07:14 - [GIN-debug] POST   /logout                   --> github.com/zhanghup/go-framework/pkg/gin.(*RouterGroup).Action.func1 (3 handlers)
2019-06-15 11:07:14 - [GIN-debug] POST   /login/wx                 --> github.com/zhanghup/go-framework/pkg/gin.(*RouterGroup).Action.func1 (3 handlers)
2019-06-15 11:07:14 - [GIN-debug] POST   /login/wc                 --> github.com/zhanghup/go-framework/pkg/gin.(*RouterGroup).Action.func1 (3 handlers)
2019-06-15 11:07:14 - [GIN-debug] POST   /upload                   --> github.com/zhanghup/go-framework/pkg/gin.(*RouterGroup).Action.func1 (3 handlers)
2019-06-15 11:07:14 - [GIN-debug] GET    /upload/:id               --> github.com/zhanghup/go-framework/api.Resource.func2 (3 handlers)
2019-06-15 11:07:14 - [GIN-debug] Listening and serving HTTP on :40018
2019-06-15 11:07:15 - [GIN] 2019/06/15 - 11:07:15 | 200 |            0s |       127.0.0.1 | GET      /upload/5d045f461fa8d53dbcc060ad.png
2019-06-15 11:09:46 - [GIN-debug] POST   /register/account         --> github.com/zhanghup/go-framework/pkg/gin.(*RouterGroup).Action.func1 (3 handlers)
2019-06-15 11:09:46 - [GIN-debug] POST   /login                    --> github.com/zhanghup/go-framework/pkg/gin.(*RouterGroup).Action.func1 (3 handlers)
2019-06-15 11:09:46 - [GIN-debug] POST   /logout                   --> github.com/zhanghup/go-framework/pkg/gin.(*RouterGroup).Action.func1 (3 handlers)
2019-06-15 11:09:46 - [GIN-debug] POST   /login/wx                 --> github.com/zhanghup/go-framework/pkg/gin.(*RouterGroup).Action.func1 (3 handlers)
2019-06-15 11:09:46 - [GIN-debug] POST   /login/wc                 --> github.com/zhanghup/go-framework/pkg/gin.(*RouterGroup).Action.func1 (3 handlers)
2019-06-15 11:09:46 - [GIN-debug] POST   /upload                   --> github.com/zhanghup/go-framework/pkg/gin.(*RouterGroup).Action.func1 (3 handlers)
2019-06-15 11:09:46 - [GIN-debug] GET    /upload/:id               --> github.com/zhanghup/go-framework/api.Resource.func2 (3 handlers)
2019-06-15 11:09:46 - [GIN-debug] Listening and serving HTTP on :40018
2019-06-15 11:09:47 - [GIN] 2019/06/15 - 11:09:47 | 200 |     56.9779ms |       127.0.0.1 | GET      /upload/5d045f461fa8d53dbcc060ad.png
2019-06-15 11:09:48 - [GIN] 2019/06/15 - 11:09:48 | 200 |     52.9879ms |       127.0.0.1 | GET      /upload/5d045f461fa8d53dbcc060ad.png
2019-06-15 11:09:52 - [GIN] 2019/06/15 - 11:09:52 | 200 |     47.9761ms |       127.0.0.1 | GET      /upload/5d045f461fa8d53dbcc060ad.png
2019-06-15 11:11:27 - [GIN-debug] POST   /register/account         --> github.com/zhanghup/go-framework/pkg/gin.(*RouterGroup).Action.func1 (3 handlers)
2019-06-15 11:11:27 - [GIN-debug] POST   /login                    --> github.com/zhanghup/go-framework/pkg/gin.(*RouterGroup).Action.func1 (3 handlers)
2019-06-15 11:11:27 - [GIN-debug] POST   /logout                   --> github.com/zhanghup/go-framework/pkg/gin.(*RouterGroup).Action.func1 (3 handlers)
2019-06-15 11:11:27 - [GIN-debug] POST   /login/wx                 --> github.com/zhanghup/go-framework/pkg/gin.(*RouterGroup).Action.func1 (3 handlers)
2019-06-15 11:11:27 - [GIN-debug] POST   /login/wc                 --> github.com/zhanghup/go-framework/pkg/gin.(*RouterGroup).Action.func1 (3 handlers)
2019-06-15 11:11:27 - [GIN-debug] POST   /upload                   --> github.com/zhanghup/go-framework/pkg/gin.(*RouterGroup).Action.func1 (3 handlers)
2019-06-15 11:11:27 - [GIN-debug] GET    /upload/:id               --> github.com/zhanghup/go-framework/api.Resource.func2 (3 handlers)
2019-06-15 11:11:27 - [GIN-debug] Listening and serving HTTP on :40018
2019-06-15 11:11:29 - [GIN] 2019/06/15 - 11:11:29 | 200 |     42.9853ms |       127.0.0.1 | GET      /upload/5d045f461fa8d53dbcc060ad.png
2019-06-15 11:15:20 - [GIN-debug] POST   /register/account         --> github.com/zhanghup/go-framework/pkg/gin.(*RouterGroup).Action.func1 (3 handlers)
2019-06-15 11:15:20 - [GIN-debug] POST   /login                    --> github.com/zhanghup/go-framework/pkg/gin.(*RouterGroup).Action.func1 (3 handlers)
2019-06-15 11:15:20 - [GIN-debug] POST   /logout                   --> github.com/zhanghup/go-framework/pkg/gin.(*RouterGroup).Action.func1 (3 handlers)
2019-06-15 11:15:20 - [GIN-debug] POST   /login/wx                 --> github.com/zhanghup/go-framework/pkg/gin.(*RouterGroup).Action.func1 (3 handlers)
2019-06-15 11:15:20 - [GIN-debug] POST   /login/wc                 --> github.com/zhanghup/go-framework/pkg/gin.(*RouterGroup).Action.func1 (3 handlers)
2019-06-15 11:15:20 - [GIN-debug] POST   /upload                   --> github.com/zhanghup/go-framework/pkg/gin.(*RouterGroup).Action.func1 (3 handlers)
2019-06-15 11:15:20 - [GIN-debug] GET    /upload/:id               --> github.com/zhanghup/go-framework/api.Resource.func2 (3 handlers)
2019-06-15 11:15:20 - [GIN-debug] GET    /static/*filepath         --> github.com/zhanghup/go-framework/pkg/gin.(*RouterGroup).createStaticHandler.func1 (3 handlers)
2019-06-15 11:15:20 - [GIN-debug] HEAD   /static/*filepath         --> github.com/zhanghup/go-framework/pkg/gin.(*RouterGroup).createStaticHandler.func1 (3 handlers)
2019-06-15 11:15:20 - [GIN-debug] GET    /favicon.ico              --> github.com/zhanghup/go-framework/pkg/gin.(*RouterGroup).StaticFile.func1 (3 handlers)
2019-06-15 11:15:20 - [GIN-debug] HEAD   /favicon.ico              --> github.com/zhanghup/go-framework/pkg/gin.(*RouterGroup).StaticFile.func1 (3 handlers)
2019-06-15 11:15:20 - [GIN-debug] Listening and serving HTTP on :40018
2019-06-15 11:15:28 - [GIN] 2019/06/15 - 11:15:28 | 200 |       2.999ms |       127.0.0.1 | POST     /upload
2019-06-15 11:15:30 - [GIN] 2019/06/15 - 11:15:30 | 200 |      1.9954ms |       127.0.0.1 | POST     /upload
2019-06-15 11:15:31 - [GIN] 2019/06/15 - 11:15:31 | 200 |       7.998ms |       127.0.0.1 | POST     /upload
2019-06-15 14:36:27 - [GIN-debug] POST   /zd/register/account      --> github.com/zhanghup/go-framework/pkg/gin.(*RouterGroup).Action.func1 (3 handlers)
2019-06-15 14:36:27 - [GIN-debug] POST   /zd/login                 --> github.com/zhanghup/go-framework/pkg/gin.(*RouterGroup).Action.func1 (3 handlers)
2019-06-15 14:36:27 - [GIN-debug] POST   /zd/logout                --> github.com/zhanghup/go-framework/pkg/gin.(*RouterGroup).Action.func1 (3 handlers)
2019-06-15 14:36:27 - [GIN-debug] POST   /zd/login/wx              --> github.com/zhanghup/go-framework/pkg/gin.(*RouterGroup).Action.func1 (3 handlers)
2019-06-15 14:36:27 - [GIN-debug] POST   /zd/login/wc              --> github.com/zhanghup/go-framework/pkg/gin.(*RouterGroup).Action.func1 (3 handlers)
2019-06-15 14:36:27 - [GIN-debug] POST   /zd/upload                --> github.com/zhanghup/go-framework/pkg/gin.(*RouterGroup).Action.func1 (3 handlers)
2019-06-15 14:36:27 - [GIN-debug] GET    /zd/upload/:id            --> github.com/zhanghup/go-framework/api.Resource.func2 (3 handlers)
2019-06-15 14:36:27 - [GIN-debug] GET    /zd/static/*filepath      --> github.com/zhanghup/go-framework/pkg/gin.(*RouterGroup).createStaticHandler.func1 (3 handlers)
2019-06-15 14:36:27 - [GIN-debug] HEAD   /zd/static/*filepath      --> github.com/zhanghup/go-framework/pkg/gin.(*RouterGroup).createStaticHandler.func1 (3 handlers)
2019-06-15 14:36:27 - [GIN-debug] GET    /zd/favicon.ico           --> github.com/zhanghup/go-framework/pkg/gin.(*RouterGroup).StaticFile.func1 (3 handlers)
2019-06-15 14:36:27 - [GIN-debug] HEAD   /zd/favicon.ico           --> github.com/zhanghup/go-framework/pkg/gin.(*RouterGroup).StaticFile.func1 (3 handlers)
2019-06-15 14:36:27 - [GIN-debug] Listening and serving HTTP on :40018
2019-06-15 15:42:07 - [GIN-debug] POST   /zd/register/account      --> github.com/zhanghup/go-framework/pkg/gin.(*RouterGroup).Action.func1 (3 handlers)
2019-06-15 15:42:07 - [GIN-debug] POST   /zd/login                 --> github.com/zhanghup/go-framework/pkg/gin.(*RouterGroup).Action.func1 (3 handlers)
2019-06-15 15:42:07 - [GIN-debug] POST   /zd/logout                --> github.com/zhanghup/go-framework/pkg/gin.(*RouterGroup).Action.func1 (3 handlers)
2019-06-15 15:42:07 - [GIN-debug] POST   /zd/login/wx              --> github.com/zhanghup/go-framework/pkg/gin.(*RouterGroup).Action.func1 (3 handlers)
2019-06-15 15:42:07 - [GIN-debug] POST   /zd/login/wc              --> github.com/zhanghup/go-framework/pkg/gin.(*RouterGroup).Action.func1 (3 handlers)
2019-06-15 15:42:07 - [GIN-debug] POST   /zd/upload                --> github.com/zhanghup/go-framework/pkg/gin.(*RouterGroup).Action.func1 (3 handlers)
2019-06-15 15:42:07 - [GIN-debug] GET    /zd/upload/:id            --> github.com/zhanghup/go-framework/api.Resource.func2 (3 handlers)
2019-06-15 15:42:07 - [GIN-debug] GET    /zd/static/*filepath      --> github.com/zhanghup/go-framework/pkg/gin.(*RouterGroup).createStaticHandler.func1 (3 handlers)
2019-06-15 15:42:07 - [GIN-debug] HEAD   /zd/static/*filepath      --> github.com/zhanghup/go-framework/pkg/gin.(*RouterGroup).createStaticHandler.func1 (3 handlers)
2019-06-15 15:42:07 - [GIN-debug] GET    /zd/favicon.ico           --> github.com/zhanghup/go-framework/pkg/gin.(*RouterGroup).StaticFile.func1 (3 handlers)
2019-06-15 15:42:07 - [GIN-debug] HEAD   /zd/favicon.ico           --> github.com/zhanghup/go-framework/pkg/gin.(*RouterGroup).StaticFile.func1 (3 handlers)
2019-06-15 15:42:07 - [GIN-debug] GET    /zd/wc/callback           --> github.com/zhanghup/go-framework/api.WcCallback.func1 (3 handlers)
2019-06-15 15:42:07 - [GIN-debug] POST   /zd/wc/callback           --> github.com/zhanghup/go-framework/api.WcCallback.func2 (3 handlers)
2019-06-15 15:42:07 - [GIN-debug] Listening and serving HTTP on :40018
2019-06-15 15:42:14 - [GIN] 2019/06/15 - 15:42:14 | 200 |            0s |       127.0.0.1 | GET      /zd/wc/callback?signature=51c8ff162549e98cf8db9ce48c431dd51cbd753a&echostr=2430858935088818503&timestamp=1560584515&nonce=1476767994
2019-06-15 15:44:42 - [GIN-debug] POST   /zd/register/account      --> github.com/zhanghup/go-framework/pkg/gin.(*RouterGroup).Action.func1 (3 handlers)
2019-06-15 15:44:42 - [GIN-debug] POST   /zd/login                 --> github.com/zhanghup/go-framework/pkg/gin.(*RouterGroup).Action.func1 (3 handlers)
2019-06-15 15:44:42 - [GIN-debug] POST   /zd/logout                --> github.com/zhanghup/go-framework/pkg/gin.(*RouterGroup).Action.func1 (3 handlers)
2019-06-15 15:44:42 - [GIN-debug] POST   /zd/login/wx              --> github.com/zhanghup/go-framework/pkg/gin.(*RouterGroup).Action.func1 (3 handlers)
2019-06-15 15:44:42 - [GIN-debug] POST   /zd/login/wc              --> github.com/zhanghup/go-framework/pkg/gin.(*RouterGroup).Action.func1 (3 handlers)
2019-06-15 15:44:42 - [GIN-debug] POST   /zd/upload                --> github.com/zhanghup/go-framework/pkg/gin.(*RouterGroup).Action.func1 (3 handlers)
2019-06-15 15:44:42 - [GIN-debug] GET    /zd/upload/:id            --> github.com/zhanghup/go-framework/api.Resource.func2 (3 handlers)
2019-06-15 15:44:42 - [GIN-debug] GET    /zd/static/*filepath      --> github.com/zhanghup/go-framework/pkg/gin.(*RouterGroup).createStaticHandler.func1 (3 handlers)
2019-06-15 15:44:42 - [GIN-debug] HEAD   /zd/static/*filepath      --> github.com/zhanghup/go-framework/pkg/gin.(*RouterGroup).createStaticHandler.func1 (3 handlers)
2019-06-15 15:44:42 - [GIN-debug] GET    /zd/favicon.ico           --> github.com/zhanghup/go-framework/pkg/gin.(*RouterGroup).StaticFile.func1 (3 handlers)
2019-06-15 15:44:42 - [GIN-debug] HEAD   /zd/favicon.ico           --> github.com/zhanghup/go-framework/pkg/gin.(*RouterGroup).StaticFile.func1 (3 handlers)
2019-06-15 15:44:42 - [GIN-debug] GET    /zd/wc/callback           --> github.com/zhanghup/go-framework/api.WcCallback.func1 (3 handlers)
2019-06-15 15:44:42 - [GIN-debug] POST   /zd/wc/callback           --> github.com/zhanghup/go-framework/api.WcCallback.func1 (3 handlers)
2019-06-15 15:44:42 - [GIN-debug] PUT    /zd/wc/callback           --> github.com/zhanghup/go-framework/api.WcCallback.func1 (3 handlers)
2019-06-15 15:44:42 - [GIN-debug] PATCH  /zd/wc/callback           --> github.com/zhanghup/go-framework/api.WcCallback.func1 (3 handlers)
2019-06-15 15:44:42 - [GIN-debug] HEAD   /zd/wc/callback           --> github.com/zhanghup/go-framework/api.WcCallback.func1 (3 handlers)
2019-06-15 15:44:42 - [GIN-debug] OPTIONS /zd/wc/callback           --> github.com/zhanghup/go-framework/api.WcCallback.func1 (3 handlers)
2019-06-15 15:44:42 - [GIN-debug] DELETE /zd/wc/callback           --> github.com/zhanghup/go-framework/api.WcCallback.func1 (3 handlers)
2019-06-15 15:44:42 - [GIN-debug] CONNECT /zd/wc/callback           --> github.com/zhanghup/go-framework/api.WcCallback.func1 (3 handlers)
2019-06-15 15:44:42 - [GIN-debug] TRACE  /zd/wc/callback           --> github.com/zhanghup/go-framework/api.WcCallback.func1 (3 handlers)
2019-06-15 15:44:42 - [GIN-debug] Listening and serving HTTP on :40018
2019-06-15 15:44:46 - [GIN] 2019/06/15 - 15:44:46 | 200 |      1.0023ms |       127.0.0.1 | GET      /zd/wc/callback?signature=51c8ff162549e98cf8db9ce48c431dd51cbd753a&echostr=2430858935088818503&timestamp=1560584515&nonce=1476767994
2019-06-16 01:42:51 - [GIN-debug] POST   /zd/register/account      --> github.com/zhanghup/go-framework/pkg/gin.(*RouterGroup).Action.func1 (3 handlers)
2019-06-16 01:42:51 - [GIN-debug] POST   /zd/login                 --> github.com/zhanghup/go-framework/pkg/gin.(*RouterGroup).Action.func1 (3 handlers)
2019-06-16 01:42:51 - [GIN-debug] POST   /zd/logout                --> github.com/zhanghup/go-framework/pkg/gin.(*RouterGroup).Action.func1 (3 handlers)
2019-06-16 01:42:51 - [GIN-debug] POST   /zd/login/wx              --> github.com/zhanghup/go-framework/pkg/gin.(*RouterGroup).Action.func1 (3 handlers)
2019-06-16 01:42:51 - [GIN-debug] POST   /zd/login/wc              --> github.com/zhanghup/go-framework/pkg/gin.(*RouterGroup).Action.func1 (3 handlers)
2019-06-16 01:42:51 - [GIN-debug] POST   /zd/upload                --> github.com/zhanghup/go-framework/pkg/gin.(*RouterGroup).Action.func1 (3 handlers)
2019-06-16 01:42:51 - [GIN-debug] GET    /zd/upload/:id            --> github.com/zhanghup/go-framework/api.Resource.func2 (3 handlers)
2019-06-16 01:42:51 - [GIN-debug] GET    /zd/static/*filepath      --> github.com/zhanghup/go-framework/pkg/gin.(*RouterGroup).createStaticHandler.func1 (3 handlers)
2019-06-16 01:42:51 - [GIN-debug] HEAD   /zd/static/*filepath      --> github.com/zhanghup/go-framework/pkg/gin.(*RouterGroup).createStaticHandler.func1 (3 handlers)
2019-06-16 01:42:51 - [GIN-debug] GET    /zd/favicon.ico           --> github.com/zhanghup/go-framework/pkg/gin.(*RouterGroup).StaticFile.func1 (3 handlers)
2019-06-16 01:42:51 - [GIN-debug] HEAD   /zd/favicon.ico           --> github.com/zhanghup/go-framework/pkg/gin.(*RouterGroup).StaticFile.func1 (3 handlers)
2019-06-16 01:42:51 - [GIN-debug] GET    /zd/wc/callback           --> github.com/zhanghup/go-framework/api.WcCallback.func1 (3 handlers)
2019-06-16 01:42:51 - [GIN-debug] POST   /zd/wc/callback           --> github.com/zhanghup/go-framework/api.WcCallback.func2 (3 handlers)
2019-06-16 01:42:51 - [GIN-debug] Listening and serving HTTP on :40018
